[2016.04.07-02.03.20:416][  0]Log file open, 04/06/16 22:03:20
[2016.04.07-02.03.20:416][  0]LogInit:Display: Running engine for game: MyProject4
[2016.04.07-02.03.20:416][  0]LogInit:Display: RandInit(-1506042347) SRandInit(-1506042346).
[2016.04.07-02.03.20:416][  0]LogTaskGraph: Started task graph with 4 named threads and 7 total threads.
[2016.04.07-02.03.20:416][  0]LogStats: Stats thread started at 2.433807
[2016.04.07-02.03.20:416][  0]LogInit: Version: 4.9.2-2707645+++depot+UE4-Releases+4.9
[2016.04.07-02.03.20:416][  0]LogInit: API Version: 2672455
[2016.04.07-02.03.20:416][  0]LogInit: Compiled (64-bit): Sep 28 2015 10:25:44
[2016.04.07-02.03.20:416][  0]LogInit: Compiled with Visual C++: 18.00.21005.01
[2016.04.07-02.03.20:416][  0]LogInit: Build Configuration: Development
[2016.04.07-02.03.20:416][  0]LogInit: Branch Name: ++depot+UE4-Releases+4.9
[2016.04.07-02.03.20:416][  0]LogInit: Command line:  
[2016.04.07-02.03.20:416][  0]LogInit: Base directory: X:/Program Files (x86)/Epic Games/4.9/Engine/Binaries/Win64/
[2016.04.07-02.03.20:416][  0]LogInit: Rocket: 1
[2016.04.07-02.03.21:094][  0]LogInit: Using libcurl 7.41.0
[2016.04.07-02.03.21:094][  0]LogInit:  - built for x86_64-pc-win32
[2016.04.07-02.03.21:094][  0]LogInit:  - supports SSL with WinSSL
[2016.04.07-02.03.21:094][  0]LogInit:  - other features:
[2016.04.07-02.03.21:094][  0]LogInit:      CURL_VERSION_SSL
[2016.04.07-02.03.21:094][  0]LogInit:      CURL_VERSION_IPV6
[2016.04.07-02.03.21:094][  0]LogInit:      CURL_VERSION_ASYNCHDNS
[2016.04.07-02.03.21:094][  0]LogInit:      CURL_VERSION_LARGEFILE
[2016.04.07-02.03.21:094][  0]LogInit:      CURL_VERSION_IDN
[2016.04.07-02.03.21:094][  0]LogInit:  CurlRequestOptions (configurable via config and command line):
[2016.04.07-02.03.21:094][  0]LogInit:  - bVerifyPeer = true  - Libcurl will verify peer certificate
[2016.04.07-02.03.21:094][  0]LogInit:  - bUseHttpProxy = false  - Libcurl will NOT use HTTP proxy
[2016.04.07-02.03.21:094][  0]LogInit:  - bDontReuseConnections = false  - Libcurl will reuse connections
[2016.04.07-02.03.21:094][  0]LogInit:  - CertBundlePath = nullptr  - Libcurl will use whatever was configured at build time.
[2016.04.07-02.03.21:992][  0]LogInit: Presizing for 0 objects not considered by GC, pre-allocating 0 bytes.
[2016.04.07-02.03.22:006][  0]LogInit: Object subsystem initialized
[2016.04.07-02.03.22:009][  0]LogInit: Selected Device Profile: [Windows]
[2016.04.07-02.03.22:009][  0]LogInit: Applying CVar settings loaded from the selected device profile: [Windows]
[2016.04.07-02.03.22:284][  0]LogInit: Computer: JEREMY-PC
[2016.04.07-02.03.22:284][  0]LogInit: User: Jeremy
[2016.04.07-02.03.22:284][  0]LogInit: CPU Page size=4096, Cores=4
[2016.04.07-02.03.22:284][  0]LogInit: High frequency timer resolution =2.547695 MHz
[2016.04.07-02.03.22:284][  0]LogMemory: Memory total: Physical=6.0GB (6GB approx)
[2016.04.07-02.03.22:284][  0]LogMemory: Platform Memory Stats for Windows
[2016.04.07-02.03.22:284][  0]LogMemory: Process Physical Memory: 53.96 MB used, 53.96 MB peak
[2016.04.07-02.03.22:284][  0]LogMemory: Process Virtual Memory: 56.50 MB used, 56.50 MB peak
[2016.04.07-02.03.22:284][  0]LogMemory: Physical Memory: 5114.46 MB used, 6143.30 MB total
[2016.04.07-02.03.22:284][  0]LogMemory: Virtual Memory: 339.90 MB used, 8388608.00 MB total
[2016.04.07-02.03.26:996][  0]LogTextLocalizationManager: No specific translations for ('en-CA') exist, so ('en') translations will be used.
[2016.04.07-02.03.31:051][  0]LogD3D11RHI: Found D3D11 adapter 0: NVIDIA GeForce GTX 950 (Feature Level 11_0)
[2016.04.07-02.03.31:051][  0]LogD3D11RHI: Adapter has 1969MB of dedicated video memory, 0MB of dedicated system memory, and 2048MB of shared system memory, 2 output[s]
[2016.04.07-02.03.31:051][  0]LogD3D11RHI: Chosen D3D11 Adapter Id = 0
[2016.04.07-02.03.31:066][  0]LogD3D11RHI: !Direct3DDevice
[2016.04.07-02.03.31:067][  0]LogRHI: Texture pool is 1361 MB (70% of 1945 MB)
[2016.04.07-02.03.31:099][  0]LogD3D11RHI: Async texture creation enabled
[2016.04.07-02.03.31:118][  0]LogShaderCompilers: Guid format shader working directory is 15 characters bigger than the processId version (C:/Users/Jeremy/Google Drive/Game and Simulation/BallGame - Copy/Intermediate/Shaders/WorkingDirectory/1136/).
[2016.04.07-02.03.31:118][  0]LogShaderCompilers: Cleaned the shader compiler working directory 'C:/Users/Jeremy/Google Drive/Game and Simulation/BallGame - Copy/Intermediate/Shaders/tmp/91F765444AAC7B60340673A63F404AF7/'.
[2016.04.07-02.03.31:118][  0]LogShaderCompilers:Display: Using Local Shader Compiler.
[2016.04.07-02.04.26:598][  0]LogTemp:Display: Loaded TP AllDesktopTargetPlatform
[2016.04.07-02.04.26:647][  0]LogTemp:Display: Loaded TP WindowsClientTargetPlatform
[2016.04.07-02.04.26:680][  0]LogTemp:Display: Loaded TP WindowsNoEditorTargetPlatform
[2016.04.07-02.04.26:733][  0]LogTemp:Display: Loaded TP WindowsServerTargetPlatform
[2016.04.07-02.04.26:755][  0]LogTemp:Display: Loaded TP WindowsTargetPlatform
[2016.04.07-02.04.26:803][  0]LogTemp:Display: Loaded TP AndroidTargetPlatform
[2016.04.07-02.04.26:851][  0]LogTemp:Display: Loaded TP Android_ASTCTargetPlatform
[2016.04.07-02.04.26:917][  0]LogTemp:Display: Loaded TP Android_ATCTargetPlatform
[2016.04.07-02.04.26:941][  0]LogTemp:Display: Loaded TP Android_DXTTargetPlatform
[2016.04.07-02.04.26:968][  0]LogTemp:Display: Loaded TP Android_ETC1TargetPlatform
[2016.04.07-02.04.27:008][  0]LogTemp:Display: Loaded TP Android_ETC2TargetPlatform
[2016.04.07-02.04.27:025][  0]LogTemp:Display: Loaded TP Android_PVRTCTargetPlatform
[2016.04.07-02.04.27:055][  0]LogTemp:Display: Loaded TP HTML5TargetPlatform
[2016.04.07-02.04.27:235][  0]LogTemp:Display: Loaded TP IOSTargetPlatform
[2016.04.07-02.04.27:368][  0]LogTemp:Display: Loaded TP LinuxNoEditorTargetPlatform
[2016.04.07-02.04.27:399][  0]LogTemp:Display: Loaded TP LinuxServerTargetPlatform
[2016.04.07-02.04.27:449][  0]LogTemp:Display: Loaded TP LinuxTargetPlatform
[2016.04.07-02.04.27:449][  0]LogTargetPlatformManager:Display: Building Assets For Windows
[2016.04.07-02.04.29:138][  0]LogDerivedDataCache:Display: Max Cache Size: 512 MB
[2016.04.07-02.04.40:297][  0]LogDerivedDataCache: Loaded boot cache 11.16s 41MB C:/Users/Jeremy/AppData/Local/UnrealEngine/4.9/DerivedDataCache/Boot.ddc.
[2016.04.07-02.04.40:298][  0]LogDerivedDataCache:Display: Loaded Boot cache: C:/Users/Jeremy/AppData/Local/UnrealEngine/4.9/DerivedDataCache/Boot.ddc
[2016.04.07-02.04.40:298][  0]LogDerivedDataCache: FDerivedDataBackendGraph:  Pak pak cache file C:/Users/Jeremy/Google Drive/Game and Simulation/BallGame - Copy/DerivedDataCache/DDC.ddp not found, will not use a pak cache.
[2016.04.07-02.04.40:298][  0]LogDerivedDataCache: Unable to find inner node Pak for hierarchical cache Hierarchy.
[2016.04.07-02.04.40:298][  0]LogDerivedDataCache: FDerivedDataBackendGraph:  CompressedPak pak cache file C:/Users/Jeremy/Google Drive/Game and Simulation/BallGame - Copy/DerivedDataCache/Compressed.ddp not found, will not use a pak cache.
[2016.04.07-02.04.40:298][  0]LogDerivedDataCache: Unable to find inner node CompressedPak for hierarchical cache Hierarchy.
[2016.04.07-02.04.40:822][  0]LogDerivedDataCache:Display: Pak cache opened for reading ../../../Engine/DerivedDataCache/Compressed.ddp.
[2016.04.07-02.04.40:834][  0]LogDerivedDataCache: Using Local data cache path C:/Users/Jeremy/AppData/Local/UnrealEngine/Common/DerivedDataCache: Writable
[2016.04.07-02.04.51:163][  0]LogInit: Selected Device Profile: [Windows]
[2016.04.07-02.04.51:164][  0]LogContentStreaming: Texture pool size is 0.000000MB
[2016.04.07-02.04.51:300][  0]LogMeshUtilities: No automatic mesh reduction module available
[2016.04.07-02.04.51:300][  0]LogMeshUtilities: No automatic mesh merging module available
[2016.04.07-02.04.52:883][  0]LogInit: WinSock: version 1.1 (2.2), MaxSocks=32767, MaxUdp=65467
[2016.04.07-02.05.28:927][  0]UdpMessaging: Initializing bridge on interface 0.0.0.0:0 to multicast group 230.0.0.1:6666.
[2016.04.07-02.05.29:903][  0]LogAssetRegistry: FAssetRegistry took 0.0150 seconds to start up
[2016.04.07-02.05.30:821][  0]SourceControl: Info Source control is disabled
[2016.04.07-02.05.30:894][  0]SourceControl: Info Source control is disabled
[2016.04.07-02.05.30:932][  0]SourceControl: Info Source control is disabled
[2016.04.07-02.05.30:997][  0]SourceControl: Info Source control is disabled
[2016.04.07-02.05.32:584][  0]LogLinker:Warning: Asset '../../../Engine/Plugins/Runtime/LeapMotionController/Content/LM_PassthroughMaterial.uasset' has been saved with empty engine version. The asset will be loaded but may be incompatible.
[2016.04.07-02.05.32:995][  0]LogObj: 28361 objects as part of root set at end of initial load.
[2016.04.07-02.05.32:995][  0]LogUObjectAllocator: 6038872 out of 0 bytes used by permanent object pool.
[2016.04.07-02.05.33:276][  0]LogEngine: Initializing Engine...
[2016.04.07-02.05.33:283][  0]LogHMD: Can't find Oculus library dev build: is proper Runtime installed? Version: 0.7.0.0
[2016.04.07-02.05.33:372][  0]LogHMD: SteamVR failed to initialize.  Err: 110
[2016.04.07-02.05.33:799][  0]LogAIModule: Creating AISystem for world NewWorld
[2016.04.07-02.05.33:989][  0]LogInit: XAudio2 using 'Speakers (High Definition Audio Device)' : 2 channels at 44.1 kHz using 16 bits per sample (channel mask 0x3)
[2016.04.07-02.05.34:132][  0]LogInit: FAudioDevice initialized.
[2016.04.07-02.05.34:279][  0]LogDerivedDataCache: Saved boot cache 0.15s 41MB C:/Users/Jeremy/AppData/Local/UnrealEngine/4.9/DerivedDataCache/Boot.ddc.
[2016.04.07-02.05.34:301][  0]LogInit: Texture streaming: Enabled
[2016.04.07-02.05.34:354][  0]LogAnalytics: Creating configured Analytics provider AnalyticsET
[2016.04.07-02.05.34:354][  0]LogAnalytics: [UEEditor.Rocket.Release] APIServer = http://et2.epicgames.com/ET2/. AppVersion = 4.9.2-2707645+++depot+UE4-Releases+4.9
[2016.04.07-02.05.34:354][  0]LogAnalytics: [UEEditor.Rocket.Release] SetUserId d60a5d0946707bed158487a4fffd8701|f68c16d49db44ac3ad40c59c1e05007a|ec9792b9-2c10-427b-ba0d-fbd572a41330
[2016.04.07-02.05.34:354][  0]LogAnalytics: [UEEditor.Rocket.Release] AnalyticsET::StartSession
[2016.04.07-02.05.34:661][  0]LogInit: Transaction tracking system initialized
[2016.04.07-02.05.35:010][  0]BlueprintLog: New page: Editor Load
[2016.04.07-02.05.36:739][  0]LocalizationService: Info Localization service is disabled
[2016.04.07-02.05.38:022][  0]LogConsoleResponse:Display: 
[2016.04.07-02.05.40:199][  0]LogCook:Display: Done creating registry. It took  0.00s.
[2016.04.07-02.05.40:345][  0]LogFileCache: Scanning file cache for directory 'C:/Users/Jeremy/Google Drive/Game and Simulation/BallGame - Copy/Content/' took 0.08s
[2016.04.07-02.05.41:383][  0]SourceControl: Info Source control is disabled
[2016.04.07-02.05.41:384][  0]Cmd: MAP LOAD FILE="C:/Users/Jeremy/Google Drive/Game and Simulation/BallGame - Copy/Content/RollingBP/Maps/RollingBPExampleMap.umap" TEMPLATE=0 SHOWPROGRESS=1 FEATURELEVEL=3
[2016.04.07-02.05.41:532][  0]LightingResults: New page: Lighting Build
[2016.04.07-02.05.41:540][  0]MapCheck: New page: Map Check
[2016.04.07-02.05.41:540][  0]LightingResults: New page: Lighting Build
[2016.04.07-02.05.41:565][  0]LogParticles: Destroying 0 GPU particle simulations for FXSystem 0x0000000020A00400
[2016.04.07-02.05.42:353][  0]LogLinker:Warning: Asset 'C:/Users/Jeremy/Google Drive/Game and Simulation/BallGame - Copy/Content/Rolling/Meshes/BallMesh.uasset' has been saved with empty engine version. The asset will be loaded but may be incompatible.
[2016.04.07-02.05.42:728][  0]LogLinker:Warning: Asset 'C:/Users/Jeremy/Google Drive/Game and Simulation/BallGame - Copy/Content/Rolling/Materials/PM_Ball.uasset' has been saved with empty engine version. The asset will be loaded but may be incompatible.
[2016.04.07-02.05.52:654][  0]LogMaterial: Missing cached shader map for material NegativeMaterial, compiling. 
[2016.04.07-02.05.53:654][  0]LogMaterial: Missing cached shader map for material PositiveMaterial, compiling. 
[2016.04.07-02.06.23:652][  0]LogTexture:Display: Building textures: HQ_Lightmap0_1 (AutoDXT)
[2016.04.07-02.06.25:747][  0]LogTexture:Display: Building textures: HQ_Lightmap0_10 (AutoDXT)
[2016.04.07-02.06.27:458][  0]LogTexture:Display: Building textures: HQ_Lightmap0_2 (AutoDXT)
[2016.04.07-02.06.30:879][  0]LogTexture:Display: Building textures: HQ_Lightmap0_3 (AutoDXT)
[2016.04.07-02.06.33:467][  0]LogTexture:Display: Building textures: HQ_Lightmap0_4 (AutoDXT)
[2016.04.07-02.06.36:936][  0]LogTexture:Display: Building textures: HQ_Lightmap0_5 (AutoDXT)
[2016.04.07-02.06.40:067][  0]LogTexture:Display: Building textures: HQ_Lightmap0_6 (AutoDXT)
[2016.04.07-02.06.43:723][  0]LogTexture:Display: Building textures: HQ_Lightmap0_8 (AutoDXT)
[2016.04.07-02.06.43:742][  0]LogTexture:Display: Building textures: HQ_Lightmap0_9 (AutoDXT)
[2016.04.07-02.06.43:776][  0]LogTexture:Display: Building textures: HQ_Lightmap1_7 (AutoDXT)
[2016.04.07-02.06.44:122][  0]LogTexture:Display: Building textures: LQ_Lightmap_0_1 (DXT1)
[2016.04.07-02.06.44:751][  0]LogTexture:Display: Building textures: LQ_Lightmap_0_10 (DXT1)
[2016.04.07-02.06.44:920][  0]LogTexture:Display: Building textures: LQ_Lightmap_0_2 (DXT1)
[2016.04.07-02.06.45:956][  0]LogTexture:Display: Building textures: LQ_Lightmap_0_3 (DXT1)
[2016.04.07-02.06.46:622][  0]LogTexture:Display: Building textures: LQ_Lightmap_0_4 (DXT1)
[2016.04.07-02.06.48:427][  0]LogTexture:Display: Building textures: LQ_Lightmap_0_5 (DXT1)
[2016.04.07-02.06.50:637][  0]LogTexture:Display: Building textures: LQ_Lightmap_0_6 (DXT1)
[2016.04.07-02.06.52:771][  0]LogTexture:Display: Building textures: LQ_Lightmap_0_8 (DXT1)
[2016.04.07-02.06.52:776][  0]LogTexture:Display: Building textures: LQ_Lightmap_0_9 (DXT1)
[2016.04.07-02.06.52:790][  0]LogTexture:Display: Building textures: LQ_Lightmap_1_7 (DXT1)
[2016.04.07-02.06.52:920][  0]LogTexture:Display: Building textures: SkyOcclusion0_1 (AutoDXT)
[2016.04.07-02.06.53:927][  0]LogTexture:Display: Building textures: SkyOcclusion0_10 (AutoDXT)
[2016.04.07-02.06.54:110][  0]LogTexture:Display: Building textures: SkyOcclusion0_2 (AutoDXT)
[2016.04.07-02.06.55:945][  0]LogTexture:Display: Building textures: SkyOcclusion0_3 (AutoDXT)
[2016.04.07-02.06.56:991][  0]LogTexture:Display: Building textures: SkyOcclusion0_4 (AutoDXT)
[2016.04.07-02.06.58:384][  0]LogTexture:Display: Building textures: SkyOcclusion0_5 (AutoDXT)
[2016.04.07-02.06.59:414][  0]LogTexture:Display: Building textures: SkyOcclusion0_6 (AutoDXT)
[2016.04.07-02.07.00:718][  0]LogTexture:Display: Building textures: SkyOcclusion0_8 (AutoDXT)
[2016.04.07-02.07.00:726][  0]LogTexture:Display: Building textures: SkyOcclusion0_9 (AutoDXT)
[2016.04.07-02.07.00:740][  0]LogTexture:Display: Building textures: SkyOcclusion1_7 (AutoDXT)
[2016.04.07-02.07.00:766][  0]LogTexture:Display: Building textures: ShadowMapTexture2D_0 (G8)
[2016.04.07-02.07.01:022][  0]LogTexture:Display: Building textures: ShadowMapTexture2D_1 (G8)
[2016.04.07-02.07.01:272][  0]LogTexture:Display: Building textures: ShadowMapTexture2D_2 (G8)
[2016.04.07-02.07.01:549][  0]LogTexture:Display: Building textures: ShadowMapTexture2D_3 (G8)
[2016.04.07-02.07.01:805][  0]LogTexture:Display: Building textures: ShadowMapTexture2D_4 (G8)
[2016.04.07-02.07.01:875][  0]LogTexture:Display: Building textures: ShadowMapTexture2D_5 (G8)
[2016.04.07-02.07.02:122][  0]LogTexture:Display: Building textures: ShadowMapTexture2D_6 (G8)
[2016.04.07-02.07.02:124][  0]LogTexture:Display: Building textures: ShadowMapTexture2D_7 (G8)
[2016.04.07-02.07.02:125][  0]LogTexture:Display: Building textures: ShadowMapTexture2D_8 (G8)
[2016.04.07-02.07.02:126][  0]LogTexture:Display: Building textures: ShadowMapTexture2D_9 (G8)
[2016.04.07-02.07.02:353][  0]LogAIModule: Creating AISystem for world RollingBPExampleMap
[2016.04.07-02.07.02:660][  0]LogEditorServer: Finished looking for orphan Actors (0.000 secs)
[2016.04.07-02.07.02:663][  0]Cmd: MAP CHECKDEP NOCLEARLOG
[2016.04.07-02.07.02:809][  0]MapCheck: Info Map check complete: 0 Error(s), 0 Warning(s), took 145.217ms to complete.
[2016.04.07-02.07.02:809][  0]LogFileHelpers: Loading map 'RollingBPExampleMap' took 81.424
[2016.04.07-02.07.03:228][  0]LogCollectionManager: Loaded 0 collections in 0.004207 seconds
[2016.04.07-02.07.03:266][  0]LogFileCache: Scanning file cache for directory 'C:/Users/Jeremy/Google Drive/Game and Simulation/BallGame - Copy/Saved/Collections/' took 0.01s
[2016.04.07-02.07.03:266][  0]LogFileCache: Scanning file cache for directory 'C:/Users/Jeremy/Google Drive/Game and Simulation/BallGame - Copy/Content/Developers/Jeremy/Collections/' took 0.00s
[2016.04.07-02.07.03:266][  0]LogFileCache: Scanning file cache for directory 'C:/Users/Jeremy/Google Drive/Game and Simulation/BallGame - Copy/Content/Collections/' took 0.01s
[2016.04.07-02.07.03:266][  0]LogContentBrowser: Native class hierarchy populated in 0.0148 seconds. Added 1867 classes and 333 folders.
[2016.04.07-02.07.03:298][  0]LogCollectionManager: Rebuilt the GUID cache for 0 collections in 0.000005 seconds
[2016.04.07-02.07.03:316][  0]LogContentBrowser: Native class hierarchy updated for 'WidgetCarousel' in 0.0006 seconds. Added 0 classes and 0 folders.
[2016.04.07-02.07.07:030][  0]LogContentBrowser: Native class hierarchy updated for 'AddContentDialog' in 0.0021 seconds. Added 0 classes and 0 folders.
[2016.04.07-02.07.07:087][  0]LogContentBrowser: Native class hierarchy updated for 'SceneOutliner' in 0.0010 seconds. Added 1 classes and 2 folders.
[2016.04.07-02.07.07:434][  0]LogCrashTracker: Crashtracker disabled due to settings.
[2016.04.07-02.07.07:456][  0]LogUObjectGlobals:Warning: Failed to find object 'Class None.'
[2016.04.07-02.07.07:479][  0]LogLoad: Full Startup: 235.81 seconds (BP compile: 0.84 seconds)
[2016.04.07-02.07.08:126][  0]LogContentStreaming: Texture pool size now 1000 MB
[2016.04.07-02.07.08:433][  0]LogRenderer: Reallocating scene render targets to support 1208x576 (Frame:2).
[2016.04.07-02.07.13:462][ 15]LogAssetRegistry: Asset discovery search completed in 103.5691 seconds
[2016.04.07-02.07.13:462][ 15]LogCollectionManager: Rebuilt the object cache for 0 collections in 0.000001 seconds (found 0 objects)
[2016.04.07-02.07.13:462][ 15]LogCollectionManager: Fixed up redirectors for 0 collections in 0.000043 seconds (updated 0 objects)
[2016.04.07-02.07.29:363][227]LogBlueprintUserMessages: Early PlayInEditor Detection: Level '/Game/RollingBP/Maps/RollingBPExampleMap.RollingBPExampleMap:PersistentLevel' has LevelScriptBlueprint '/Game/RollingBP/Maps/RollingBPExampleMap.RollingBPExampleMap:PersistentLevel.RollingBPExampleMap' with GeneratedClass '/Game/RollingBP/Maps/RollingBPExampleMap.RollingBPExampleMap_C' with ClassGeneratedBy '/Game/RollingBP/Maps/RollingBPExampleMap.RollingBPExampleMap:PersistentLevel.RollingBPExampleMap'
[2016.04.07-02.07.29:363][227]LogPlayLevel: PlayLevel: No blueprints needed recompiling
[2016.04.07-02.07.29:473][227]PIE: New page: PIE session: RollingBPExampleMap (Apr 6, 2016, 6:07:29 PM)
[2016.04.07-02.07.29:502][227]LogPlayLevel: Creating play world package: /Game/RollingBP/Maps/UEDPIE_0_RollingBPExampleMap
[2016.04.07-02.07.30:495][227]LogPlayLevel: PIE: StaticDuplicateObject took: (0.992429s)
[2016.04.07-02.07.30:498][227]LogAIModule: Creating AISystem for world RollingBPExampleMap
[2016.04.07-02.07.30:499][227]LogPlayLevel: PIE: World Init took: (0.003863s)
[2016.04.07-02.07.30:516][227]LogPlayLevel: PIE: Created PIE world by copying editor world from /Game/RollingBP/Maps/RollingBPExampleMap.RollingBPExampleMap to /Game/RollingBP/Maps/UEDPIE_0_RollingBPExampleMap.RollingBPExampleMap (1.014102s)
[2016.04.07-02.07.31:226][227]LogInit: XAudio2 using 'Speakers (High Definition Audio Device)' : 2 channels at 44.1 kHz using 16 bits per sample (channel mask 0x3)
[2016.04.07-02.07.31:472][227]LogInit: FAudioDevice initialized.
[2016.04.07-02.07.32:069][227]LogWorld: Game class is 'RollingGameMode_C'
[2016.04.07-02.07.32:479][227]LogWorld: Bringing World /Game/RollingBP/Maps/UEDPIE_0_RollingBPExampleMap.RollingBPExampleMap up for play (max tick rate 0) at 2016.04.06-22.07.32
[2016.04.07-02.07.32:479][227]LogActor:Warning: GameSession /Game/RollingBP/Maps/UEDPIE_0_RollingBPExampleMap.RollingBPExampleMap:PersistentLevel.GameSession_0 has natively added scene component(s), but none of them were set as the actor's RootComponent - picking one arbitrarily
[2016.04.07-02.07.32:525][227]LogActor:Warning: GameNetworkManager /Game/RollingBP/Maps/UEDPIE_0_RollingBPExampleMap.RollingBPExampleMap:PersistentLevel.GameNetworkManager_0 has natively added scene component(s), but none of them were set as the actor's RootComponent - picking one arbitrarily
[2016.04.07-02.07.33:155][227]LogWorld: Bringing up level for play took: 0.750401
[2016.04.07-02.07.33:868][227]PIE: Info Play in editor start time for /Game/RollingBP/Maps/UEDPIE_0_RollingBPExampleMap 4.483
[2016.04.07-02.07.33:869][227]LogBlueprintUserMessages: Late PlayInEditor Detection: Level '/Game/RollingBP/Maps/RollingBPExampleMap.RollingBPExampleMap:PersistentLevel' has LevelScriptBlueprint '/Game/RollingBP/Maps/RollingBPExampleMap.RollingBPExampleMap:PersistentLevel.RollingBPExampleMap' with GeneratedClass '/Game/RollingBP/Maps/RollingBPExampleMap.RollingBPExampleMap_C' with ClassGeneratedBy '/Game/RollingBP/Maps/RollingBPExampleMap.RollingBPExampleMap:PersistentLevel.RollingBPExampleMap'
[2016.04.07-02.08.02:141][288]LogBlueprintUserMessages: Early EndPlayMap Detection: Level '/Game/RollingBP/Maps/RollingBPExampleMap.RollingBPExampleMap:PersistentLevel' has LevelScriptBlueprint '/Game/RollingBP/Maps/RollingBPExampleMap.RollingBPExampleMap:PersistentLevel.RollingBPExampleMap' with GeneratedClass '/Game/RollingBP/Maps/RollingBPExampleMap.RollingBPExampleMap_C' with ClassGeneratedBy '/Game/RollingBP/Maps/RollingBPExampleMap.RollingBPExampleMap:PersistentLevel.RollingBPExampleMap'
[2016.04.07-02.08.02:816][288]LogBlueprintUserMessages: Late EndPlayMap Detection: Level '/Game/RollingBP/Maps/RollingBPExampleMap.RollingBPExampleMap:PersistentLevel' has LevelScriptBlueprint '/Game/RollingBP/Maps/RollingBPExampleMap.RollingBPExampleMap:PersistentLevel.RollingBPExampleMap' with GeneratedClass '/Game/RollingBP/Maps/RollingBPExampleMap.RollingBPExampleMap_C' with ClassGeneratedBy '/Game/RollingBP/Maps/RollingBPExampleMap.RollingBPExampleMap:PersistentLevel.RollingBPExampleMap'
[2016.04.07-02.08.03:037][288]LogParticles: Destroying 0 GPU particle simulations for FXSystem 0x000000000FBCB240
[2016.04.07-02.08.12:751][639]LogSourceControl:Error: 'C:/Users/Jeremy/Google Drive/Game and Simulation/BallGame - Copy/' is not part of a Git repository
[2016.04.07-02.08.28:009][274]LogSourceControl:Error: 'C:/Users/Jeremy/Google Drive/Game and Simulation/BallGame - Copy/' is not part of a Git repository
[2016.04.07-02.08.32:307][440]SourceControl: Info Source control is disabled
[2016.04.07-02.08.35:708][522]Cmd: QUIT_EDITOR
[2016.04.07-02.08.36:433][522]LogExit: Preparing to exit.
[2016.04.07-02.08.38:007][522]LogExit: Editor shut down
[2016.04.07-02.08.38:008][522]LogExit: Transaction tracking system shut down
[2016.04.07-02.08.38:202][522]LogParticles: Destroying 0 GPU particle simulations for FXSystem 0x000000003EDAB9C0
[2016.04.07-02.08.38:204][522]LogParticles: Destroying 0 GPU particle simulations for FXSystem 0x0000000012BC0220
[2016.04.07-02.08.38:204][522]LogParticles: Destroying 0 GPU particle simulations for FXSystem 0x0000000044888EA0
[2016.04.07-02.08.38:204][522]LogParticles: Destroying 0 GPU particle simulations for FXSystem 0x0000000012BC2FC0
[2016.04.07-02.08.38:204][522]LogParticles: Destroying 0 GPU particle simulations for FXSystem 0x0000000012BC31A0
[2016.04.07-02.08.40:605][522]LogExit: Object subsystem successfully closed.
[2016.04.07-02.08.41:486][522]LogD3D11RHI: Shutdown
[2016.04.07-02.08.41:486][522]LogD3D11RHI: CleanupD3DDevice
[2016.04.07-02.08.41:846][522]LogD3D11RHI: ~FD3D11DynamicRHI
[2016.04.07-02.08.42:434][522]LogModuleManager: Shutting down and abandoning module CrashTracker (197)
[2016.04.07-02.08.42:434][522]LogModuleManager: Shutting down and abandoning module SceneOutliner (196)
[2016.04.07-02.08.42:434][522]LogModuleManager: Shutting down and abandoning module SuperSearch (195)
[2016.04.07-02.08.42:434][522]LogModuleManager: Shutting down and abandoning module WidgetCarousel (194)
[2016.04.07-02.08.42:434][522]LogModuleManager: Shutting down and abandoning module AddContentDialog (193)
[2016.04.07-02.08.42:472][522]LogModuleManager: Shutting down and abandoning module EditorWidgets (192)
[2016.04.07-02.08.42:472][522]LogModuleManager: Shutting down and abandoning module CollectionManager (191)
[2016.04.07-02.08.42:472][522]LogModuleManager: Shutting down and abandoning module StatsViewer (190)
[2016.04.07-02.08.42:560][522]LogModuleManager: Shutting down and abandoning module FoliageEdit (189)
[2016.04.07-02.08.42:561][522]LogModuleManager: Shutting down and abandoning module LandscapeEditor (188)
[2016.04.07-02.08.42:684][522]LogModuleManager: Shutting down and abandoning module ActorPickerMode (187)
[2016.04.07-02.08.42:684][522]LogModuleManager: Shutting down and abandoning module GeometryMode (186)
[2016.04.07-02.08.42:684][522]LogModuleManager: Shutting down and abandoning module TextureAlignMode (185)
[2016.04.07-02.08.42:684][522]LogModuleManager: Shutting down and abandoning module BspMode (184)
[2016.04.07-02.08.42:684][522]LogModuleManager: Shutting down and abandoning module PlacementMode (183)
[2016.04.07-02.08.42:684][522]LogModuleManager: Shutting down and abandoning module AutomationWorker (182)
[2016.04.07-02.08.42:684][522]LogModuleManager: Shutting down and abandoning module CharacterAI (181)
[2016.04.07-02.08.42:684][522]LogModuleManager: Shutting down and abandoning module SmartSnapping (180)
[2016.04.07-02.08.42:684][522]LogModuleManager: Shutting down and abandoning module ViewportSnapping (179)
[2016.04.07-02.08.42:684][522]LogModuleManager: Shutting down and abandoning module LogVisualizer (178)
[2016.04.07-02.08.42:727][522]LogModuleManager: Shutting down and abandoning module GameProjectGeneration (177)
[2016.04.07-02.08.42:749][522]LogModuleManager: Shutting down and abandoning module IntroTutorials (176)
[2016.04.07-02.08.42:782][522]LogModuleManager: Shutting down and abandoning module EditorLiveStreaming (175)
[2016.04.07-02.08.42:782][522]LogModuleManager: Shutting down and abandoning module IOSPlatformEditor (174)
[2016.04.07-02.08.42:782][522]LogModuleManager: Shutting down and abandoning module HTML5PlatformEditor (173)
[2016.04.07-02.08.42:782][522]LogModuleManager: Shutting down and abandoning module AndroidDeviceDetection (172)
[2016.04.07-02.08.43:331][522]LogModuleManager: Shutting down and abandoning module AndroidPlatformEditor (171)
[2016.04.07-02.08.43:331][522]LogModuleManager: Shutting down and abandoning module IOSRuntimeSettings (170)
[2016.04.07-02.08.43:331][522]LogModuleManager: Shutting down and abandoning module AndroidRuntimeSettings (169)
[2016.04.07-02.08.43:331][522]LogModuleManager: Shutting down and abandoning module MergeActors (168)
[2016.04.07-02.08.43:331][522]LogModuleManager: Shutting down and abandoning module SizeMap (167)
[2016.04.07-02.08.43:331][522]LogModuleManager: Shutting down and abandoning module TreeMap (166)
[2016.04.07-02.08.43:331][522]LogModuleManager: Shutting down and abandoning module ReferenceViewer (165)
[2016.04.07-02.08.43:331][522]LogModuleManager: Shutting down and abandoning module LocalizationService (164)
[2016.04.07-02.08.43:331][522]LogModuleManager: Shutting down and abandoning module LocalizationDashboard (163)
[2016.04.07-02.08.43:331][522]LogModuleManager: Shutting down and abandoning module HardwareTargeting (162)
[2016.04.07-02.08.43:331][522]LogModuleManager: Shutting down and abandoning module DeviceProfileEditor (161)
[2016.04.07-02.08.43:331][522]LogModuleManager: Shutting down and abandoning module UndoHistory (160)
[2016.04.07-02.08.43:331][522]LogModuleManager: Shutting down and abandoning module GameplayTagsEditor (159)
[2016.04.07-02.08.43:331][522]LogModuleManager: Shutting down and abandoning module UserFeedback (158)
[2016.04.07-02.08.43:331][522]LogModuleManager: Shutting down and abandoning module XmlParser (157)
[2016.04.07-02.08.43:331][522]LogModuleManager: Shutting down and abandoning module Blutility (156)
[2016.04.07-02.08.43:331][522]LogModuleManager: Shutting down and abandoning module ProjectTargetPlatformEditor (155)
[2016.04.07-02.08.43:331][522]LogModuleManager: Shutting down and abandoning module ProjectSettingsViewer (154)
[2016.04.07-02.08.43:331][522]LogModuleManager: Shutting down and abandoning module InputBindingEditor (153)
[2016.04.07-02.08.43:332][522]LogModuleManager: Shutting down and abandoning module EditorSettingsViewer (152)
[2016.04.07-02.08.43:332][522]LogModuleManager: Shutting down and abandoning module SettingsEditor (151)
[2016.04.07-02.08.43:332][522]LogModuleManager: Shutting down and abandoning module ProjectLauncher (150)
[2016.04.07-02.08.43:332][522]LogModuleManager: Shutting down and abandoning module SessionFrontend (149)
[2016.04.07-02.08.43:332][522]LogModuleManager: Shutting down and abandoning module ProfilerClient (148)
[2016.04.07-02.08.43:332][522]LogModuleManager: Shutting down and abandoning module TargetDeviceServices (147)
[2016.04.07-02.08.43:332][522]LogModuleManager: Shutting down and abandoning module DeviceManager (146)
[2016.04.07-02.08.43:332][522]LogModuleManager: Shutting down and abandoning module AutomationController (145)
[2016.04.07-02.08.43:332][522]LogModuleManager: Shutting down and abandoning module AutomationWindow (144)
[2016.04.07-02.08.43:332][522]LogModuleManager: Shutting down and abandoning module Layers (143)
[2016.04.07-02.08.43:332][522]LogModuleManager: Shutting down and abandoning module ComponentVisualizers (142)
[2016.04.07-02.08.43:332][522]LogModuleManager: Shutting down and abandoning module DetailCustomizations (141)
[2016.04.07-02.08.43:375][522]LogModuleManager: Shutting down and abandoning module PackagesDialog (140)
[2016.04.07-02.08.43:375][522]LogModuleManager: Shutting down and abandoning module Persona (139)
[2016.04.07-02.08.43:392][522]LogModuleManager: Shutting down and abandoning module Kismet (138)
[2016.04.07-02.08.43:424][522]LogModuleManager: Shutting down and abandoning module GraphEditor (137)
[2016.04.07-02.08.43:528][522]LogModuleManager: Shutting down and abandoning module ClassViewer (136)
[2016.04.07-02.08.43:578][522]LogModuleManager: Shutting down and abandoning module Toolbox (135)
[2016.04.07-02.08.43:578][522]LogModuleManager: Shutting down and abandoning module ModuleUI (134)
[2016.04.07-02.08.43:578][522]LogModuleManager: Shutting down and abandoning module MovieSceneTools (133)
[2016.04.07-02.08.43:578][522]LogModuleManager: Shutting down and abandoning module OutputLog (132)
[2016.04.07-02.08.43:578][522]LogModuleManager: Shutting down and abandoning module GammaUI (131)
[2016.04.07-02.08.43:578][522]LogModuleManager: Shutting down and abandoning module Documentation (130)
[2016.04.07-02.08.43:578][522]LogModuleManager: Shutting down and abandoning module GameLiveStreaming (129)
[2016.04.07-02.08.43:578][522]LogModuleManager: Shutting down and abandoning module StreamingPauseRendering (128)
[2016.04.07-02.08.43:578][522]LogModuleManager: Shutting down and abandoning module AnalyticsET (127)
[2016.04.07-02.08.43:578][522]LogModuleManager: Shutting down and abandoning module Analytics (126)
[2016.04.07-02.08.43:578][522]LogModuleManager: Shutting down and abandoning module AITestSuite (125)
[2016.04.07-02.08.43:578][522]LogModuleManager: Shutting down and abandoning module GameplayDebugger (124)
[2016.04.07-02.08.43:578][522]LogModuleManager: Shutting down and abandoning module AIModule (123)
[2016.04.07-02.08.43:578][522]LogModuleManager: Shutting down and abandoning module ProfilerService (122)
[2016.04.07-02.08.43:812][522]LogModuleManager: Shutting down and abandoning module TaskGraph (121)
[2016.04.07-02.08.43:812][522]LogModuleManager: Shutting down and abandoning module SlateRemote (120)
[2016.04.07-02.08.43:812][522]LogModuleManager: Shutting down and abandoning module SteamVRController (119)
[2016.04.07-02.08.43:812][522]LogModuleManager: Shutting down and abandoning module SteamVR (118)
[2016.04.07-02.08.43:812][522]LogModuleManager: Shutting down and abandoning module ProceduralMeshComponent (117)
[2016.04.07-02.08.43:812][522]LogModuleManager: Shutting down and abandoning module OculusRift (116)
[2016.04.07-02.08.43:812][522]LogModuleManager: Shutting down and abandoning module OculusLibrary (115)
[2016.04.07-02.08.43:812][522]LogModuleManager: Shutting down and abandoning module LeapMotionController (114)
[2016.04.07-02.08.43:838][522]LogModuleManager: Shutting down and abandoning module CustomMeshComponent (113)
[2016.04.07-02.08.43:838][522]LogModuleManager: Shutting down and abandoning module CableComponent (112)
[2016.04.07-02.08.43:838][522]LogModuleManager: Shutting down and abandoning module ArchVisCharacter (111)
[2016.04.07-02.08.43:838][522]LogModuleManager: Shutting down and abandoning module MessagingDebugger (110)
[2016.04.07-02.08.43:838][522]LogModuleManager: Shutting down and abandoning module MediaPlayerEditor (109)
[2016.04.07-02.08.43:838][522]LogModuleManager: Shutting down and abandoning module HTML5Networking (108)
[2016.04.07-02.08.43:838][522]LogModuleManager: Shutting down and abandoning module SpeedTreeImporter (107)
[2016.04.07-02.08.43:838][522]LogModuleManager: Shutting down and abandoning module PluginBrowser (106)
[2016.04.07-02.08.43:838][522]LogModuleManager: Shutting down and abandoning module EpicSurvey (105)
[2016.04.07-02.08.43:838][522]LogModuleManager: Shutting down and abandoning module DesktopPlatform (104)
[2016.04.07-02.08.43:876][522]LogModuleManager: Shutting down and abandoning module VisualStudioSourceCodeAccess (103)
[2016.04.07-02.08.43:876][522]LogModuleManager: Shutting down and abandoning module UObjectPlugin (102)
[2016.04.07-02.08.43:876][522]LogModuleManager: Shutting down and abandoning module SubversionSourceControl (101)
[2016.04.07-02.08.43:877][522]LogModuleManager: Shutting down and abandoning module PerforceSourceControl (100)
[2016.04.07-02.08.43:877][522]LogModuleManager: Shutting down and abandoning module SourceControl (99)
[2016.04.07-02.08.43:877][522]LogModuleManager: Shutting down and abandoning module GitSourceControl (98)
[2016.04.07-02.08.43:877][522]LogModuleManager: Shutting down and abandoning module LightPropagationVolumeEditor (97)
[2016.04.07-02.08.43:877][522]LogModuleManager: Shutting down and abandoning module PaperTiledImporter (96)
[2016.04.07-02.08.43:877][522]LogModuleManager: Shutting down and abandoning module PaperSpriteSheetImporter (95)
[2016.04.07-02.08.43:877][522]LogModuleManager: Shutting down and abandoning module MeshPaint (94)
[2016.04.07-02.08.43:877][522]LogModuleManager: Shutting down and abandoning module SlateReflector (93)
[2016.04.07-02.08.43:877][522]LogModuleManager: Shutting down and abandoning module HotReload (92)
[2016.04.07-02.08.43:877][522]LogModuleManager: Shutting down and abandoning module MainFrame (91)
[2016.04.07-02.08.43:877][522]LogModuleManager: Shutting down and abandoning module LevelEditor (90)
[2016.04.07-02.08.43:879][522]LogModuleManager: Shutting down and abandoning module DirectoryWatcher (89)
[2016.04.07-02.08.43:882][522]LogModuleManager: Shutting down and abandoning module AssetRegistry (88)
[2016.04.07-02.08.44:182][522]LogModuleManager: Shutting down and abandoning module ContentBrowser (87)
[2016.04.07-02.08.44:184][522]LogModuleManager: Shutting down and abandoning module Paper2DEditor (86)
[2016.04.07-02.08.44:184][522]LogModuleManager: Shutting down and abandoning module UdpMessaging (85)
[2016.04.07-02.08.44:284][522]LogModuleManager: Shutting down and abandoning module LightPropagationVolumeRuntime (84)
[2016.04.07-02.08.44:284][522]LogModuleManager: Shutting down and abandoning module Paper2D (83)
[2016.04.07-02.08.44:284][522]LogModuleManager: Shutting down and abandoning module WindowsMoviePlayer (82)
[2016.04.07-02.08.44:297][522]LogModuleManager: Shutting down and abandoning module Media (81)
[2016.04.07-02.08.44:297][522]LogModuleManager: Shutting down and abandoning module WmfMedia (80)
[2016.04.07-02.08.44:436][522]LogModuleManager: Shutting down and abandoning module OnlineBlueprintSupport (79)
[2016.04.07-02.08.44:436][522]LogModuleManager: Shutting down and abandoning module GameplayTasksEditor (78)
[2016.04.07-02.08.44:436][522]LogModuleManager: Shutting down and abandoning module PropertyEditor (77)
[2016.04.07-02.08.44:436][522]LogModuleManager: Shutting down and abandoning module BehaviorTreeEditor (76)
[2016.04.07-02.08.44:542][522]LogModuleManager: Shutting down and abandoning module FunctionalTesting (75)
[2016.04.07-02.08.44:542][522]LogModuleManager: Shutting down and abandoning module CollisionAnalyzer (74)
[2016.04.07-02.08.44:586][522]LogModuleManager: Shutting down and abandoning module WorkspaceMenuStructure (73)
[2016.04.07-02.08.44:586][522]LogModuleManager: Shutting down and abandoning module MessageLog (72)
[2016.04.07-02.08.44:586][522]LogModuleManager: Shutting down and abandoning module Sequencer (71)
[2016.04.07-02.08.44:635][522]LogModuleManager: Shutting down and abandoning module AssetTools (70)
[2016.04.07-02.08.44:727][522]LogModuleManager: Shutting down and abandoning module UMGEditor (69)
[2016.04.07-02.08.44:803][522]LogModuleManager: Shutting down and abandoning module UMG (68)
[2016.04.07-02.08.44:811][522]LogModuleManager: Shutting down and abandoning module Slate (67)
[2016.04.07-02.08.44:811][522]LogModuleManager: Shutting down and abandoning module EditorStyle (66)
[2016.04.07-02.08.44:814][522]LogModuleManager: Shutting down and abandoning module SessionServices (65)
[2016.04.07-02.08.44:814][522]LogModuleManager: Shutting down and abandoning module SourceCodeAccess (64)
[2016.04.07-02.08.44:814][522]LogModuleManager: Shutting down and abandoning module HeadMountedDisplay (63)
[2016.04.07-02.08.44:814][522]LogModuleManager: Shutting down and abandoning module XAudio2 (62)
[2016.04.07-02.08.44:814][522]LogModuleManager: Shutting down and abandoning module Networking (60)
[2016.04.07-02.08.44:814][522]LogModuleManager: Shutting down and abandoning module Core (59)
[2016.04.07-02.08.44:814][522]LogModuleManager: Shutting down and abandoning module KismetCompiler (58)
[2016.04.07-02.08.44:814][522]LogModuleManager: Shutting down and abandoning module PhysXFormats (57)
[2016.04.07-02.08.44:842][522]LogModuleManager: Shutting down and abandoning module MeshUtilities (56)
[2016.04.07-02.08.44:864][522]LogModuleManager: Shutting down and abandoning module CookingStats (55)
[2016.04.07-02.08.44:876][522]LogModuleManager: Shutting down and abandoning module DerivedDataCache (54)
[2016.04.07-02.08.44:912][522]LogDerivedDataCache: Shutdown
[2016.04.07-02.08.44:912][522]LogModuleManager: Shutting down and abandoning module ShaderFormatOpenGL (53)
[2016.04.07-02.08.44:935][522]LogModuleManager: Shutting down and abandoning module ShaderFormatD3D (52)
[2016.04.07-02.08.44:949][522]LogModuleManager: Shutting down and abandoning module MetalShaderFormat (51)
[2016.04.07-02.08.44:971][522]LogModuleManager: Shutting down and abandoning module TextureFormatUncompressed (50)
[2016.04.07-02.08.44:971][522]LogModuleManager: Shutting down and abandoning module TextureFormatPVR (49)
[2016.04.07-02.08.44:989][522]LogModuleManager: Shutting down and abandoning module TextureFormatIntelISPCTexComp (48)
[2016.04.07-02.08.45:002][522]LogModuleManager: Shutting down and abandoning module TextureFormatDXT (47)
[2016.04.07-02.08.45:002][522]LogModuleManager: Shutting down and abandoning module ImageWrapper (46)
[2016.04.07-02.08.45:002][522]LogModuleManager: Shutting down and abandoning module TextureFormatASTC (45)
[2016.04.07-02.08.45:002][522]LogModuleManager: Shutting down and abandoning module TextureFormatAndroid (44)
[2016.04.07-02.08.45:002][522]LogModuleManager: Shutting down and abandoning module AudioFormatOpus (43)
[2016.04.07-02.08.45:013][522]LogModuleManager: Shutting down and abandoning module AudioFormatOgg (42)
[2016.04.07-02.08.45:017][522]LogModuleManager: Shutting down and abandoning module AudioFormatADPCM (41)
[2016.04.07-02.08.45:025][522]LogModuleManager: Shutting down and abandoning module LinuxTargetPlatform (40)
[2016.04.07-02.08.45:025][522]LogModuleManager: Shutting down and abandoning module LinuxServerTargetPlatform (39)
[2016.04.07-02.08.45:040][522]LogModuleManager: Shutting down and abandoning module LinuxNoEditorTargetPlatform (38)
[2016.04.07-02.08.45:069][522]LogModuleManager: Shutting down and abandoning module Messaging (37)
[2016.04.07-02.08.45:069][522]LogModuleManager: Shutting down and abandoning module IOSTargetPlatform (36)
[2016.04.07-02.08.45:069][522]LogModuleManager: Shutting down and abandoning module HTML5TargetPlatform (35)
[2016.04.07-02.08.45:069][522]LogModuleManager: Shutting down and abandoning module Android_PVRTCTargetPlatform (34)
[2016.04.07-02.08.45:094][522]LogModuleManager: Shutting down and abandoning module Android_ETC2TargetPlatform (33)
[2016.04.07-02.08.45:110][522]LogModuleManager: Shutting down and abandoning module Android_ETC1TargetPlatform (32)
[2016.04.07-02.08.45:176][522]LogModuleManager: Shutting down and abandoning module Android_DXTTargetPlatform (31)
[2016.04.07-02.08.45:201][522]LogModuleManager: Shutting down and abandoning module Android_ATCTargetPlatform (30)
[2016.04.07-02.08.45:212][522]LogModuleManager: Shutting down and abandoning module Android_ASTCTargetPlatform (29)
[2016.04.07-02.08.45:217][522]LogModuleManager: Shutting down and abandoning module AndroidTargetPlatform (28)
[2016.04.07-02.08.45:220][522]LogModuleManager: Shutting down and abandoning module WindowsTargetPlatform (27)
[2016.04.07-02.08.45:221][522]LogModuleManager: Shutting down and abandoning module WindowsServerTargetPlatform (26)
[2016.04.07-02.08.45:233][522]LogModuleManager: Shutting down and abandoning module WindowsNoEditorTargetPlatform (25)
[2016.04.07-02.08.45:239][522]LogModuleManager: Shutting down and abandoning module WindowsClientTargetPlatform (24)
[2016.04.07-02.08.45:267][522]LogModuleManager: Shutting down and abandoning module AllDesktopTargetPlatform (23)
[2016.04.07-02.08.45:294][522]LogModuleManager: Shutting down and abandoning module TargetPlatform (22)
[2016.04.07-02.08.45:294][522]LogModuleManager: Shutting down and abandoning module InputCore (21)
[2016.04.07-02.08.45:294][522]LogModuleManager: Shutting down and abandoning module Settings (20)
[2016.04.07-02.08.45:294][522]LogModuleManager: Shutting down and abandoning module OnlineSubsystem (18)
[2016.04.07-02.08.45:294][522]LogModuleManager: Shutting down and abandoning module HTTP (17)
[2016.04.07-02.08.46:294][522]LogModuleManager: Shutting down and abandoning module XMPP (16)
[2016.04.07-02.08.46:404][522]LogModuleManager: Shutting down and abandoning module ExampleDeviceProfileSelector (15)
[2016.04.07-02.08.46:404][522]LogModuleManager: Shutting down and abandoning module TextureCompressor (14)
[2016.04.07-02.08.46:404][522]LogModuleManager: Shutting down and abandoning module ShaderCore (13)
[2016.04.07-02.08.46:404][522]LogModuleManager: Shutting down and abandoning module Landscape (12)
[2016.04.07-02.08.46:404][522]LogModuleManager: Shutting down and abandoning module SlateRHIRenderer (11)
[2016.04.07-02.08.46:439][522]LogModuleManager: Shutting down and abandoning module OpenGLDrv (10)
[2016.04.07-02.08.46:456][522]LogModuleManager: Shutting down and abandoning module D3D11RHI (9)
[2016.04.07-02.08.46:456][522]LogModuleManager: Shutting down and abandoning module AnimGraphRuntime (8)
[2016.04.07-02.08.46:483][522]LogModuleManager: Shutting down and abandoning module Renderer (7)
[2016.04.07-02.08.46:483][522]LogModuleManager: Shutting down and abandoning module Engine (6)
[2016.04.07-02.08.46:483][522]LogModuleManager: Shutting down and abandoning module CoreUObject (5)
[2016.04.07-02.08.46:483][522]LogModuleManager: Shutting down and abandoning module NetworkFile (4)
[2016.04.07-02.08.46:556][522]LogModuleManager: Shutting down and abandoning module StreamingFile (3)
[2016.04.07-02.08.46:576][522]LogModuleManager: Shutting down and abandoning module SandboxFile (2)
[2016.04.07-02.08.46:607][522]LogModuleManager: Shutting down and abandoning module PakFile (1)
[2016.04.07-02.08.46:663][522]LogExit: Exiting.
[2016.04.07-02.08.46:680][522]Log file closed, 04/06/16 22:08:46
