[2016.04.01-20.03.05:113][  0]Log file open, 04/01/16 16:03:05
[2016.04.01-20.03.05:113][  0]LogInit:Display: Running engine for game: MyProject4
[2016.04.01-20.03.05:113][  0]LogInit:Display: RandInit(-743652211) SRandInit(-743652211).
[2016.04.01-20.03.05:113][  0]LogTaskGraph: Started task graph with 4 named threads and 7 total threads.
[2016.04.01-20.03.05:113][  0]LogStats: Stats thread started at 0.084988
[2016.04.01-20.03.05:113][  0]LogInit: Version: 4.9.2-2707645+++depot+UE4-Releases+4.9
[2016.04.01-20.03.05:113][  0]LogInit: API Version: 2672455
[2016.04.01-20.03.05:113][  0]LogInit: Compiled (64-bit): Sep 28 2015 10:25:44
[2016.04.01-20.03.05:113][  0]LogInit: Compiled with Visual C++: 18.00.21005.01
[2016.04.01-20.03.05:113][  0]LogInit: Build Configuration: Development
[2016.04.01-20.03.05:113][  0]LogInit: Branch Name: ++depot+UE4-Releases+4.9
[2016.04.01-20.03.05:113][  0]LogInit: Command line: -EpicPortal 
[2016.04.01-20.03.05:113][  0]LogInit: Base directory: C:/Program Files (x86)/Epic Games/4.9/Engine/Binaries/Win64/
[2016.04.01-20.03.05:113][  0]LogInit: Rocket: 1
[2016.04.01-20.03.05:123][  0]LogInit: Using libcurl 7.41.0
[2016.04.01-20.03.05:124][  0]LogInit:  - built for x86_64-pc-win32
[2016.04.01-20.03.05:124][  0]LogInit:  - supports SSL with WinSSL
[2016.04.01-20.03.05:124][  0]LogInit:  - other features:
[2016.04.01-20.03.05:124][  0]LogInit:      CURL_VERSION_SSL
[2016.04.01-20.03.05:124][  0]LogInit:      CURL_VERSION_IPV6
[2016.04.01-20.03.05:124][  0]LogInit:      CURL_VERSION_ASYNCHDNS
[2016.04.01-20.03.05:124][  0]LogInit:      CURL_VERSION_LARGEFILE
[2016.04.01-20.03.05:124][  0]LogInit:      CURL_VERSION_IDN
[2016.04.01-20.03.05:124][  0]LogInit:  CurlRequestOptions (configurable via config and command line):
[2016.04.01-20.03.05:124][  0]LogInit:  - bVerifyPeer = true  - Libcurl will verify peer certificate
[2016.04.01-20.03.05:124][  0]LogInit:  - bUseHttpProxy = false  - Libcurl will NOT use HTTP proxy
[2016.04.01-20.03.05:124][  0]LogInit:  - bDontReuseConnections = false  - Libcurl will reuse connections
[2016.04.01-20.03.05:124][  0]LogInit:  - CertBundlePath = nullptr  - Libcurl will use whatever was configured at build time.
[2016.04.01-20.03.05:132][  0]LogInit: Presizing for 0 objects not considered by GC, pre-allocating 0 bytes.
[2016.04.01-20.03.05:142][  0]LogInit: Object subsystem initialized
[2016.04.01-20.03.05:144][  0]LogInit: Selected Device Profile: [Windows]
[2016.04.01-20.03.05:144][  0]LogInit: Applying CVar settings loaded from the selected device profile: [Windows]
[2016.04.01-20.03.05:159][  0]LogInit: Computer: BENSCOMP
[2016.04.01-20.03.05:159][  0]LogInit: User: Ben
[2016.04.01-20.03.05:159][  0]LogInit: CPU Page size=4096, Cores=4
[2016.04.01-20.03.05:159][  0]LogInit: High frequency timer resolution =2.923049 MHz
[2016.04.01-20.03.05:159][  0]LogMemory: Memory total: Physical=16.0GB (16GB approx)
[2016.04.01-20.03.05:159][  0]LogMemory: Platform Memory Stats for Windows
[2016.04.01-20.03.05:159][  0]LogMemory: Process Physical Memory: 54.15 MB used, 54.15 MB peak
[2016.04.01-20.03.05:159][  0]LogMemory: Process Virtual Memory: 56.34 MB used, 56.34 MB peak
[2016.04.01-20.03.05:159][  0]LogMemory: Physical Memory: 5264.17 MB used, 16360.20 MB total
[2016.04.01-20.03.05:159][  0]LogMemory: Virtual Memory: 369.93 MB used, 134217728.00 MB total
[2016.04.01-20.03.05:188][  0]LogTextLocalizationManager: No specific translations for ('en-CA') exist, so ('en') translations will be used.
[2016.04.01-20.03.06:082][  0]LogD3D11RHI: Found D3D11 adapter 0: NVIDIA GeForce GTX 660   (Feature Level 11_0)
[2016.04.01-20.03.06:082][  0]LogD3D11RHI: Adapter has 1988MB of dedicated video memory, 0MB of dedicated system memory, and 8180MB of shared system memory, 2 output[s]
[2016.04.01-20.03.06:083][  0]LogD3D11RHI: Found D3D11 adapter 1: Microsoft Basic Render Driver (Feature Level 11_0)
[2016.04.01-20.03.06:083][  0]LogD3D11RHI: Adapter has 0MB of dedicated video memory, 0MB of dedicated system memory, and 8180MB of shared system memory, 0 output[s]
[2016.04.01-20.03.06:083][  0]LogD3D11RHI: Chosen D3D11 Adapter Id = 0
[2016.04.01-20.03.06:089][  0]LogD3D11RHI: !Direct3DDevice
[2016.04.01-20.03.06:089][  0]LogRHI: Texture pool is 1361 MB (70% of 1945 MB)
[2016.04.01-20.03.06:105][  0]LogD3D11RHI: Async texture creation enabled
[2016.04.01-20.03.06:122][  0]LogShaderCompilers: Guid format shader working directory is 14 characters bigger than the processId version (../../../../../../Users/Ben/Google Drive/Game and Simulation/BallGame/Intermediate/Shaders/WorkingDirectory/10136/).
[2016.04.01-20.03.06:122][  0]LogShaderCompilers: Cleaned the shader compiler working directory '../../../../../../Users/Ben/Google Drive/Game and Simulation/BallGame/Intermediate/Shaders/tmp/B8106F6C43EADCC107B50C9E0553DACE/'.
[2016.04.01-20.03.06:123][  0]LogShaderCompilers:Display: Using Local Shader Compiler.
[2016.04.01-20.03.07:377][  0]LogTemp:Display: Loaded TP AllDesktopTargetPlatform
[2016.04.01-20.03.07:384][  0]LogTemp:Display: Loaded TP WindowsClientTargetPlatform
[2016.04.01-20.03.07:391][  0]LogTemp:Display: Loaded TP WindowsNoEditorTargetPlatform
[2016.04.01-20.03.07:398][  0]LogTemp:Display: Loaded TP WindowsServerTargetPlatform
[2016.04.01-20.03.07:406][  0]LogTemp:Display: Loaded TP WindowsTargetPlatform
[2016.04.01-20.03.07:411][  0]LogTemp:Display: Loaded TP AndroidTargetPlatform
[2016.04.01-20.03.07:415][  0]LogTemp:Display: Loaded TP Android_ASTCTargetPlatform
[2016.04.01-20.03.07:419][  0]LogTemp:Display: Loaded TP Android_ATCTargetPlatform
[2016.04.01-20.03.07:424][  0]LogTemp:Display: Loaded TP Android_DXTTargetPlatform
[2016.04.01-20.03.07:428][  0]LogTemp:Display: Loaded TP Android_ETC1TargetPlatform
[2016.04.01-20.03.07:433][  0]LogTemp:Display: Loaded TP Android_ETC2TargetPlatform
[2016.04.01-20.03.07:437][  0]LogTemp:Display: Loaded TP Android_PVRTCTargetPlatform
[2016.04.01-20.03.07:438][  0]LogTemp:Display: Loaded TP HTML5TargetPlatform
[2016.04.01-20.03.07:456][  0]LogTemp:Display: Loaded TP IOSTargetPlatform
[2016.04.01-20.03.07:460][  0]LogTemp:Display: Loaded TP LinuxNoEditorTargetPlatform
[2016.04.01-20.03.07:464][  0]LogTemp:Display: Loaded TP LinuxServerTargetPlatform
[2016.04.01-20.03.07:468][  0]LogTemp:Display: Loaded TP LinuxTargetPlatform
[2016.04.01-20.03.07:468][  0]LogTargetPlatformManager:Display: Building Assets For Windows
[2016.04.01-20.03.07:566][  0]LogDerivedDataCache:Display: Max Cache Size: 512 MB
[2016.04.01-20.03.07:617][  0]LogDerivedDataCache: Loaded boot cache 0.05s 41MB C:/Users/Ben/AppData/Local/UnrealEngine/4.9/DerivedDataCache/Boot.ddc.
[2016.04.01-20.03.07:617][  0]LogDerivedDataCache:Display: Loaded Boot cache: C:/Users/Ben/AppData/Local/UnrealEngine/4.9/DerivedDataCache/Boot.ddc
[2016.04.01-20.03.07:617][  0]LogDerivedDataCache: FDerivedDataBackendGraph:  Pak pak cache file ../../../../../../Users/Ben/Google Drive/Game and Simulation/BallGame/DerivedDataCache/DDC.ddp not found, will not use a pak cache.
[2016.04.01-20.03.07:617][  0]LogDerivedDataCache: Unable to find inner node Pak for hierarchical cache Hierarchy.
[2016.04.01-20.03.07:617][  0]LogDerivedDataCache: FDerivedDataBackendGraph:  CompressedPak pak cache file ../../../../../../Users/Ben/Google Drive/Game and Simulation/BallGame/DerivedDataCache/Compressed.ddp not found, will not use a pak cache.
[2016.04.01-20.03.07:617][  0]LogDerivedDataCache: Unable to find inner node CompressedPak for hierarchical cache Hierarchy.
[2016.04.01-20.03.07:786][  0]LogDerivedDataCache:Display: Pak cache opened for reading ../../../Engine/DerivedDataCache/Compressed.ddp.
[2016.04.01-20.03.07:798][  0]LogDerivedDataCache: Using Local data cache path C:/Users/Ben/AppData/Local/UnrealEngine/Common/DerivedDataCache: Writable
[2016.04.01-20.03.08:028][  0]LogInit: Selected Device Profile: [Windows]
[2016.04.01-20.03.08:032][  0]LogContentStreaming: Texture pool size is 0.000000MB
[2016.04.01-20.03.08:192][  0]LogMeshUtilities: No automatic mesh reduction module available
[2016.04.01-20.03.08:192][  0]LogMeshUtilities: No automatic mesh merging module available
[2016.04.01-20.03.08:500][  0]LogInit: WinSock: version 1.1 (2.2), MaxSocks=32767, MaxUdp=65467
[2016.04.01-20.03.09:328][  0]UdpMessaging: Initializing bridge on interface 0.0.0.0:0 to multicast group 230.0.0.1:6666.
[2016.04.01-20.03.09:428][  0]LogAssetRegistry: FAssetRegistry took 0.0108 seconds to start up
[2016.04.01-20.03.09:612][  0]SourceControl: Info Source control is disabled
[2016.04.01-20.03.09:613][  0]SourceControl: Info Source control is disabled
[2016.04.01-20.03.09:625][  0]SourceControl: Info Source control is disabled
[2016.04.01-20.03.09:637][  0]SourceControl: Info Source control is disabled
[2016.04.01-20.03.09:807][  0]LogLinker:Warning: Asset '../../../Engine/Plugins/Runtime/LeapMotionController/Content/LM_PassthroughMaterial.uasset' has been saved with empty engine version. The asset will be loaded but may be incompatible.
[2016.04.01-20.03.09:899][  0]LogObj: 28362 objects as part of root set at end of initial load.
[2016.04.01-20.03.09:899][  0]LogUObjectAllocator: 6039032 out of 0 bytes used by permanent object pool.
[2016.04.01-20.03.09:962][  0]LogEngine: Initializing Engine...
[2016.04.01-20.03.09:965][  0]LogHMD: Can't find Oculus library dev build: is proper Runtime installed? Version: 0.7.0.0
[2016.04.01-20.03.09:965][  0]LogHMD: SteamVR failed to initialize.  Err: 110
[2016.04.01-20.03.10:107][  0]LogAIModule: Creating AISystem for world NewWorld
[2016.04.01-20.03.10:120][  0]LogInit: XAudio2 using 'Realtek HD Audio 2nd output (Realtek High Definition Audio)' : 2 channels at 48 kHz using 32 bits per sample (channel mask 0x3)
[2016.04.01-20.03.10:132][  0]LogInit: FAudioDevice initialized.
[2016.04.01-20.03.10:153][  0]LogDerivedDataCache: Saved boot cache 0.02s 41MB C:/Users/Ben/AppData/Local/UnrealEngine/4.9/DerivedDataCache/Boot.ddc.
[2016.04.01-20.03.10:161][  0]LogInit: Texture streaming: Enabled
[2016.04.01-20.03.10:168][  0]LogAnalytics: Creating configured Analytics provider AnalyticsET
[2016.04.01-20.03.10:168][  0]LogAnalytics: [UEEditor.Rocket.Release] APIServer = http://et2.epicgames.com/ET2/. AppVersion = 4.9.2-2707645+++depot+UE4-Releases+4.9
[2016.04.01-20.03.10:168][  0]LogAnalytics: [UEEditor.Rocket.Release] SetUserId 8dbd366843d87c94e968a6b30d5198f0|5b7263a9e8674849aee1ecdb1b837275|463c6a2d-8c42-4f28-92f5-a1194febbfda
[2016.04.01-20.03.10:168][  0]LogAnalytics: [UEEditor.Rocket.Release] AnalyticsET::StartSession
[2016.04.01-20.03.10:180][  0]LogWindowsTextInputMethodSystem:Display: IME system now deactivated.
[2016.04.01-20.03.10:199][  0]LogInit: Transaction tracking system initialized
[2016.04.01-20.03.10:234][  0]BlueprintLog: New page: Editor Load
[2016.04.01-20.03.10:329][  0]LocalizationService: Info Localization service is disabled
[2016.04.01-20.03.10:412][  0]LogConsoleResponse:Display: 
[2016.04.01-20.03.10:540][  0]LogCook:Display: Done creating registry. It took  0.00s.
[2016.04.01-20.03.10:614][  0]LogFileCache: Scanning file cache for directory 'C:/Users/Ben/Google Drive/Game and Simulation/BallGame/Content/' took 0.04s
[2016.04.01-20.03.10:614][  0]SourceControl: Info Source control is disabled
[2016.04.01-20.03.10:614][  0]Cmd: MAP LOAD FILE="../../../../../../Users/Ben/Google Drive/Game and Simulation/BallGame/Content/RollingBP/Maps/RollingBPExampleMap.umap" TEMPLATE=0 SHOWPROGRESS=1 FEATURELEVEL=3
[2016.04.01-20.03.10:617][  0]LightingResults: New page: Lighting Build
[2016.04.01-20.03.10:621][  0]MapCheck: New page: Map Check
[2016.04.01-20.03.10:621][  0]LightingResults: New page: Lighting Build
[2016.04.01-20.03.10:632][  0]LogParticles: Destroying 0 GPU particle simulations for FXSystem 0x00000210BA4F6160
[2016.04.01-20.03.10:656][  0]LogLinker:Warning: Asset '../../../../../../Users/Ben/Google Drive/Game and Simulation/BallGame/Content/Rolling/Meshes/BallMesh.uasset' has been saved with empty engine version. The asset will be loaded but may be incompatible.
[2016.04.01-20.03.10:662][  0]LogLinker:Warning: Asset '../../../../../../Users/Ben/Google Drive/Game and Simulation/BallGame/Content/Rolling/Materials/PM_Ball.uasset' has been saved with empty engine version. The asset will be loaded but may be incompatible.
[2016.04.01-20.03.13:523][  0]LogAIModule: Creating AISystem for world RollingBPExampleMap
[2016.04.01-20.03.13:567][  0]LogEditorServer: Finished looking for orphan Actors (0.000 secs)
[2016.04.01-20.03.13:567][  0]Cmd: MAP CHECKDEP NOCLEARLOG
[2016.04.01-20.03.13:656][  0]MapCheck: Info Map check complete: 0 Error(s), 0 Warning(s), took 86.564ms to complete.
[2016.04.01-20.03.13:656][  0]LogFileHelpers: Loading map 'RollingBPExampleMap' took 3.042
[2016.04.01-20.03.13:808][  0]LogCollectionManager: Loaded 0 collections in 0.005608 seconds
[2016.04.01-20.03.13:853][  0]LogFileCache: Scanning file cache for directory 'C:/Users/Ben/Google Drive/Game and Simulation/BallGame/Saved/Collections/' took 0.01s
[2016.04.01-20.03.13:853][  0]LogFileCache: Scanning file cache for directory 'C:/Users/Ben/Google Drive/Game and Simulation/BallGame/Content/Developers/Ben/Collections/' took 0.01s
[2016.04.01-20.03.13:853][  0]LogFileCache: Scanning file cache for directory 'C:/Users/Ben/Google Drive/Game and Simulation/BallGame/Content/Collections/' took 0.01s
[2016.04.01-20.03.13:853][  0]LogContentBrowser: Native class hierarchy populated in 0.0080 seconds. Added 1867 classes and 333 folders.
[2016.04.01-20.03.13:862][  0]LogCollectionManager: Rebuilt the GUID cache for 0 collections in 0.000003 seconds
[2016.04.01-20.03.13:888][  0]LogContentBrowser: Native class hierarchy updated for 'WidgetCarousel' in 0.0004 seconds. Added 0 classes and 0 folders.
[2016.04.01-20.03.14:212][  0]LogContentBrowser: Native class hierarchy updated for 'AddContentDialog' in 0.0004 seconds. Added 0 classes and 0 folders.
[2016.04.01-20.03.14:217][  0]LogContentBrowser: Native class hierarchy updated for 'SceneOutliner' in 0.0004 seconds. Added 1 classes and 2 folders.
[2016.04.01-20.03.14:292][  0]LogCrashTracker: Crashtracker disabled due to settings.
[2016.04.01-20.03.14:297][  0]LogUObjectGlobals:Warning: Failed to find object 'Class None.'
[2016.04.01-20.03.14:318][  0]LogLoad: Full Startup: 9.93 seconds (BP compile: 0.30 seconds)
[2016.04.01-20.03.14:474][  0]LogContentStreaming: Texture pool size now 1000 MB
[2016.04.01-20.03.14:650][  0]LogRenderer: Reallocating scene render targets to support 956x604 (Frame:2).
[2016.04.01-20.03.14:765][  0]LogRenderer: Reallocating scene render targets to support 1916x1016 (Frame:3).
[2016.04.01-20.03.15:031][  2]LogRenderTargetPool:Warning: r.RenderTargetPoolMin exceeded 459/400 MB (ok in editor, bad on fixed memory platform)
[2016.04.01-20.03.15:402][ 10]LogAssetRegistry: Asset discovery search completed in 5.9849 seconds
[2016.04.01-20.03.15:402][ 10]LogCollectionManager: Rebuilt the object cache for 0 collections in 0.000002 seconds (found 0 objects)
[2016.04.01-20.03.15:402][ 10]LogCollectionManager: Fixed up redirectors for 0 collections in 0.000028 seconds (updated 0 objects)
[2016.04.01-20.03.17:708][150]LogRenderTargetPool:Warning: r.RenderTargetPoolMin exceeded 412/400 MB (ok in editor, bad on fixed memory platform)
[2016.04.01-20.03.17:808][155]LogRenderTargetPool:Warning: r.RenderTargetPoolMin exceeded 412/400 MB (ok in editor, bad on fixed memory platform)
[2016.04.01-20.03.18:661][191]LogRenderTargetPool:Warning: r.RenderTargetPoolMin exceeded 412/400 MB (ok in editor, bad on fixed memory platform)
[2016.04.01-20.03.19:079][212]LogRenderTargetPool:Warning: r.RenderTargetPoolMin exceeded 412/400 MB (ok in editor, bad on fixed memory platform)
[2016.04.01-20.03.19:658][237]LogRenderTargetPool:Warning: r.RenderTargetPoolMin exceeded 412/400 MB (ok in editor, bad on fixed memory platform)
[2016.04.01-20.03.19:977][253]LogRenderTargetPool:Warning: r.RenderTargetPoolMin exceeded 412/400 MB (ok in editor, bad on fixed memory platform)
[2016.04.01-20.03.20:474][275]LogRenderTargetPool:Warning: r.RenderTargetPoolMin exceeded 412/400 MB (ok in editor, bad on fixed memory platform)
[2016.04.01-20.03.20:745][288]LogRenderTargetPool:Warning: r.RenderTargetPoolMin exceeded 412/400 MB (ok in editor, bad on fixed memory platform)
[2016.04.01-20.03.21:277][313]LogRenderTargetPool:Warning: r.RenderTargetPoolMin exceeded 412/400 MB (ok in editor, bad on fixed memory platform)
[2016.04.01-20.03.22:305][367]LogRenderTargetPool:Warning: r.RenderTargetPoolMin exceeded 412/400 MB (ok in editor, bad on fixed memory platform)
[2016.04.01-20.03.34:675][ 20]LogBlueprintUserMessages: Early PlayInEditor Detection: Level '/Game/RollingBP/Maps/RollingBPExampleMap.RollingBPExampleMap:PersistentLevel' has LevelScriptBlueprint '/Game/RollingBP/Maps/RollingBPExampleMap.RollingBPExampleMap:PersistentLevel.RollingBPExampleMap' with GeneratedClass '/Game/RollingBP/Maps/RollingBPExampleMap.RollingBPExampleMap_C' with ClassGeneratedBy '/Game/RollingBP/Maps/RollingBPExampleMap.RollingBPExampleMap:PersistentLevel.RollingBPExampleMap'
[2016.04.01-20.03.34:675][ 20]LogPlayLevel: PlayLevel: No blueprints needed recompiling
[2016.04.01-20.03.34:675][ 20]PIE: New page: PIE session: RollingBPExampleMap (Apr 1, 2016, 12:03:34 PM)
[2016.04.01-20.03.34:675][ 20]LogPlayLevel: Creating play world package: /Game/RollingBP/Maps/UEDPIE_0_RollingBPExampleMap
[2016.04.01-20.03.34:939][ 20]LogPlayLevel: PIE: StaticDuplicateObject took: (0.263928s)
[2016.04.01-20.03.34:940][ 20]LogAIModule: Creating AISystem for world RollingBPExampleMap
[2016.04.01-20.03.34:940][ 20]LogPlayLevel: PIE: World Init took: (0.000998s)
[2016.04.01-20.03.34:941][ 20]LogPlayLevel: PIE: Created PIE world by copying editor world from /Game/RollingBP/Maps/RollingBPExampleMap.RollingBPExampleMap to /Game/RollingBP/Maps/UEDPIE_0_RollingBPExampleMap.RollingBPExampleMap (0.265181s)
[2016.04.01-20.03.34:984][ 20]LogInit: XAudio2 using 'Realtek HD Audio 2nd output (Realtek High Definition Audio)' : 2 channels at 48 kHz using 32 bits per sample (channel mask 0x3)
[2016.04.01-20.03.34:993][ 20]LogInit: FAudioDevice initialized.
[2016.04.01-20.03.35:050][ 20]LogWorld: Game class is 'RollingGameMode_C'
[2016.04.01-20.03.35:067][ 20]LogWorld: Bringing World /Game/RollingBP/Maps/UEDPIE_0_RollingBPExampleMap.RollingBPExampleMap up for play (max tick rate 0) at 2016.04.01-16.03.35
[2016.04.01-20.03.35:067][ 20]LogActor:Warning: GameSession /Game/RollingBP/Maps/UEDPIE_0_RollingBPExampleMap.RollingBPExampleMap:PersistentLevel.GameSession_0 has natively added scene component(s), but none of them were set as the actor's RootComponent - picking one arbitrarily
[2016.04.01-20.03.35:067][ 20]LogActor:Warning: GameNetworkManager /Game/RollingBP/Maps/UEDPIE_0_RollingBPExampleMap.RollingBPExampleMap:PersistentLevel.GameNetworkManager_0 has natively added scene component(s), but none of them were set as the actor's RootComponent - picking one arbitrarily
[2016.04.01-20.03.35:078][ 20]LogWorld: Bringing up level for play took: 0.027006
[2016.04.01-20.03.35:080][ 20]PIE: Info Play in editor start time for /Game/RollingBP/Maps/UEDPIE_0_RollingBPExampleMap 1.187
[2016.04.01-20.03.35:080][ 20]LogBlueprintUserMessages: Late PlayInEditor Detection: Level '/Game/RollingBP/Maps/RollingBPExampleMap.RollingBPExampleMap:PersistentLevel' has LevelScriptBlueprint '/Game/RollingBP/Maps/RollingBPExampleMap.RollingBPExampleMap:PersistentLevel.RollingBPExampleMap' with GeneratedClass '/Game/RollingBP/Maps/RollingBPExampleMap.RollingBPExampleMap_C' with ClassGeneratedBy '/Game/RollingBP/Maps/RollingBPExampleMap.RollingBPExampleMap:PersistentLevel.RollingBPExampleMap'
[2016.04.01-20.03.35:138][ 22]LogRenderTargetPool:Warning: r.RenderTargetPoolMin exceeded 449/400 MB (ok in editor, bad on fixed memory platform)
[2016.04.01-20.04.25:346][736]LogBlueprintUserMessages: Early EndPlayMap Detection: Level '/Game/RollingBP/Maps/RollingBPExampleMap.RollingBPExampleMap:PersistentLevel' has LevelScriptBlueprint '/Game/RollingBP/Maps/RollingBPExampleMap.RollingBPExampleMap:PersistentLevel.RollingBPExampleMap' with GeneratedClass '/Game/RollingBP/Maps/RollingBPExampleMap.RollingBPExampleMap_C' with ClassGeneratedBy '/Game/RollingBP/Maps/RollingBPExampleMap.RollingBPExampleMap:PersistentLevel.RollingBPExampleMap'
[2016.04.01-20.04.25:395][736]LogBlueprintUserMessages: Late EndPlayMap Detection: Level '/Game/RollingBP/Maps/RollingBPExampleMap.RollingBPExampleMap:PersistentLevel' has LevelScriptBlueprint '/Game/RollingBP/Maps/RollingBPExampleMap.RollingBPExampleMap:PersistentLevel.RollingBPExampleMap' with GeneratedClass '/Game/RollingBP/Maps/RollingBPExampleMap.RollingBPExampleMap_C' with ClassGeneratedBy '/Game/RollingBP/Maps/RollingBPExampleMap.RollingBPExampleMap:PersistentLevel.RollingBPExampleMap'
[2016.04.01-20.04.25:413][736]LogParticles: Destroying 0 GPU particle simulations for FXSystem 0x00000210C251ADE0
[2016.04.01-20.04.25:457][737]LogRenderTargetPool:Warning: r.RenderTargetPoolMin exceeded 427/400 MB (ok in editor, bad on fixed memory platform)
[2016.04.01-20.04.28:801][847]LogRenderTargetPool:Warning: r.RenderTargetPoolMin exceeded 411/400 MB (ok in editor, bad on fixed memory platform)
[2016.04.01-20.04.33:781][861]LogEditorViewport: Clicking on Actor (LMB): PositiveZoneBlueprint_C (PositiveZoneBlueprint)
[2016.04.01-20.04.33:874][862]LogRenderTargetPool:Warning: r.RenderTargetPoolMin exceeded 405/400 MB (ok in editor, bad on fixed memory platform)
[2016.04.01-20.04.34:877][909]LogBlueprintUserMessages: Early PlayInEditor Detection: Level '/Game/RollingBP/Maps/RollingBPExampleMap.RollingBPExampleMap:PersistentLevel' has LevelScriptBlueprint '/Game/RollingBP/Maps/RollingBPExampleMap.RollingBPExampleMap:PersistentLevel.RollingBPExampleMap' with GeneratedClass '/Game/RollingBP/Maps/RollingBPExampleMap.RollingBPExampleMap_C' with ClassGeneratedBy '/Game/RollingBP/Maps/RollingBPExampleMap.RollingBPExampleMap:PersistentLevel.RollingBPExampleMap'
[2016.04.01-20.04.34:877][909]LogPlayLevel: PlayLevel: No blueprints needed recompiling
[2016.04.01-20.04.34:878][909]PIE: New page: PIE session: RollingBPExampleMap (Apr 1, 2016, 12:04:34 PM)
[2016.04.01-20.04.34:878][909]LogPlayLevel: Creating play world package: /Game/RollingBP/Maps/UEDPIE_0_RollingBPExampleMap
[2016.04.01-20.04.35:146][909]LogPlayLevel: PIE: StaticDuplicateObject took: (0.268763s)
[2016.04.01-20.04.35:147][909]LogAIModule: Creating AISystem for world RollingBPExampleMap
[2016.04.01-20.04.35:147][909]LogPlayLevel: PIE: World Init took: (0.000953s)
[2016.04.01-20.04.35:147][909]LogPlayLevel: PIE: Created PIE world by copying editor world from /Game/RollingBP/Maps/RollingBPExampleMap.RollingBPExampleMap to /Game/RollingBP/Maps/UEDPIE_0_RollingBPExampleMap.RollingBPExampleMap (0.269954s)
[2016.04.01-20.04.35:175][909]LogInit: XAudio2 using 'Realtek HD Audio 2nd output (Realtek High Definition Audio)' : 2 channels at 48 kHz using 32 bits per sample (channel mask 0x3)
[2016.04.01-20.04.35:183][909]LogInit: FAudioDevice initialized.
[2016.04.01-20.04.35:214][909]LogWorld: Game class is 'RollingGameMode_C'
[2016.04.01-20.04.35:231][909]LogWorld: Bringing World /Game/RollingBP/Maps/UEDPIE_0_RollingBPExampleMap.RollingBPExampleMap up for play (max tick rate 0) at 2016.04.01-16.04.35
[2016.04.01-20.04.35:231][909]LogActor:Warning: GameSession /Game/RollingBP/Maps/UEDPIE_0_RollingBPExampleMap.RollingBPExampleMap:PersistentLevel.GameSession_1 has natively added scene component(s), but none of them were set as the actor's RootComponent - picking one arbitrarily
[2016.04.01-20.04.35:231][909]LogActor:Warning: GameNetworkManager /Game/RollingBP/Maps/UEDPIE_0_RollingBPExampleMap.RollingBPExampleMap:PersistentLevel.GameNetworkManager_1 has natively added scene component(s), but none of them were set as the actor's RootComponent - picking one arbitrarily
[2016.04.01-20.04.35:242][909]LogWorld: Bringing up level for play took: 0.026590
[2016.04.01-20.04.35:243][909]PIE: Info Play in editor start time for /Game/RollingBP/Maps/UEDPIE_0_RollingBPExampleMap 1.351
[2016.04.01-20.04.35:243][909]LogBlueprintUserMessages: Late PlayInEditor Detection: Level '/Game/RollingBP/Maps/RollingBPExampleMap.RollingBPExampleMap:PersistentLevel' has LevelScriptBlueprint '/Game/RollingBP/Maps/RollingBPExampleMap.RollingBPExampleMap:PersistentLevel.RollingBPExampleMap' with GeneratedClass '/Game/RollingBP/Maps/RollingBPExampleMap.RollingBPExampleMap_C' with ClassGeneratedBy '/Game/RollingBP/Maps/RollingBPExampleMap.RollingBPExampleMap:PersistentLevel.RollingBPExampleMap'
[2016.04.01-20.05.10:913][884]LogBlueprintUserMessages: Early EndPlayMap Detection: Level '/Game/RollingBP/Maps/RollingBPExampleMap.RollingBPExampleMap:PersistentLevel' has LevelScriptBlueprint '/Game/RollingBP/Maps/RollingBPExampleMap.RollingBPExampleMap:PersistentLevel.RollingBPExampleMap' with GeneratedClass '/Game/RollingBP/Maps/RollingBPExampleMap.RollingBPExampleMap_C' with ClassGeneratedBy '/Game/RollingBP/Maps/RollingBPExampleMap.RollingBPExampleMap:PersistentLevel.RollingBPExampleMap'
[2016.04.01-20.05.10:981][884]LogBlueprintUserMessages: Late EndPlayMap Detection: Level '/Game/RollingBP/Maps/RollingBPExampleMap.RollingBPExampleMap:PersistentLevel' has LevelScriptBlueprint '/Game/RollingBP/Maps/RollingBPExampleMap.RollingBPExampleMap:PersistentLevel.RollingBPExampleMap' with GeneratedClass '/Game/RollingBP/Maps/RollingBPExampleMap.RollingBPExampleMap_C' with ClassGeneratedBy '/Game/RollingBP/Maps/RollingBPExampleMap.RollingBPExampleMap:PersistentLevel.RollingBPExampleMap'
[2016.04.01-20.05.11:032][885]LogParticles: Destroying 0 GPU particle simulations for FXSystem 0x00000210AEBDF100
[2016.04.01-20.05.11:068][886]LogRenderTargetPool:Warning: r.RenderTargetPoolMin exceeded 427/400 MB (ok in editor, bad on fixed memory platform)
[2016.04.01-20.05.11:842][928]LogBlueprintUserMessages: Early PlayInEditor Detection: Level '/Game/RollingBP/Maps/RollingBPExampleMap.RollingBPExampleMap:PersistentLevel' has LevelScriptBlueprint '/Game/RollingBP/Maps/RollingBPExampleMap.RollingBPExampleMap:PersistentLevel.RollingBPExampleMap' with GeneratedClass '/Game/RollingBP/Maps/RollingBPExampleMap.RollingBPExampleMap_C' with ClassGeneratedBy '/Game/RollingBP/Maps/RollingBPExampleMap.RollingBPExampleMap:PersistentLevel.RollingBPExampleMap'
[2016.04.01-20.05.11:842][928]LogPlayLevel: PlayLevel: No blueprints needed recompiling
[2016.04.01-20.05.11:843][928]PIE: New page: PIE session: RollingBPExampleMap (Apr 1, 2016, 12:05:11 PM)
[2016.04.01-20.05.11:843][928]LogPlayLevel: Creating play world package: /Game/RollingBP/Maps/UEDPIE_0_RollingBPExampleMap
[2016.04.01-20.05.12:119][928]LogPlayLevel: PIE: StaticDuplicateObject took: (0.276201s)
[2016.04.01-20.05.12:120][928]LogAIModule: Creating AISystem for world RollingBPExampleMap
[2016.04.01-20.05.12:120][928]LogPlayLevel: PIE: World Init took: (0.000976s)
[2016.04.01-20.05.12:120][928]LogPlayLevel: PIE: Created PIE world by copying editor world from /Game/RollingBP/Maps/RollingBPExampleMap.RollingBPExampleMap to /Game/RollingBP/Maps/UEDPIE_0_RollingBPExampleMap.RollingBPExampleMap (0.277418s)
[2016.04.01-20.05.12:148][928]LogInit: XAudio2 using 'Realtek HD Audio 2nd output (Realtek High Definition Audio)' : 2 channels at 48 kHz using 32 bits per sample (channel mask 0x3)
[2016.04.01-20.05.12:156][928]LogInit: FAudioDevice initialized.
[2016.04.01-20.05.12:188][928]LogWorld: Game class is 'RollingGameMode_C'
[2016.04.01-20.05.12:206][928]LogWorld: Bringing World /Game/RollingBP/Maps/UEDPIE_0_RollingBPExampleMap.RollingBPExampleMap up for play (max tick rate 0) at 2016.04.01-16.05.12
[2016.04.01-20.05.12:206][928]LogActor:Warning: GameSession /Game/RollingBP/Maps/UEDPIE_0_RollingBPExampleMap.RollingBPExampleMap:PersistentLevel.GameSession_2 has natively added scene component(s), but none of them were set as the actor's RootComponent - picking one arbitrarily
[2016.04.01-20.05.12:206][928]LogActor:Warning: GameNetworkManager /Game/RollingBP/Maps/UEDPIE_0_RollingBPExampleMap.RollingBPExampleMap:PersistentLevel.GameNetworkManager_2 has natively added scene component(s), but none of them were set as the actor's RootComponent - picking one arbitrarily
[2016.04.01-20.05.12:216][928]LogWorld: Bringing up level for play took: 0.027635
[2016.04.01-20.05.12:217][928]PIE: Info Play in editor start time for /Game/RollingBP/Maps/UEDPIE_0_RollingBPExampleMap 0.325
[2016.04.01-20.05.12:218][928]LogBlueprintUserMessages: Late PlayInEditor Detection: Level '/Game/RollingBP/Maps/RollingBPExampleMap.RollingBPExampleMap:PersistentLevel' has LevelScriptBlueprint '/Game/RollingBP/Maps/RollingBPExampleMap.RollingBPExampleMap:PersistentLevel.RollingBPExampleMap' with GeneratedClass '/Game/RollingBP/Maps/RollingBPExampleMap.RollingBPExampleMap_C' with ClassGeneratedBy '/Game/RollingBP/Maps/RollingBPExampleMap.RollingBPExampleMap:PersistentLevel.RollingBPExampleMap'
[2016.04.01-20.05.12:272][930]LogRenderTargetPool:Warning: r.RenderTargetPoolMin exceeded 463/400 MB (ok in editor, bad on fixed memory platform)
[2016.04.01-20.06.17:767][164]LogBlueprintUserMessages: Early EndPlayMap Detection: Level '/Game/RollingBP/Maps/RollingBPExampleMap.RollingBPExampleMap:PersistentLevel' has LevelScriptBlueprint '/Game/RollingBP/Maps/RollingBPExampleMap.RollingBPExampleMap:PersistentLevel.RollingBPExampleMap' with GeneratedClass '/Game/RollingBP/Maps/RollingBPExampleMap.RollingBPExampleMap_C' with ClassGeneratedBy '/Game/RollingBP/Maps/RollingBPExampleMap.RollingBPExampleMap:PersistentLevel.RollingBPExampleMap'
[2016.04.01-20.06.17:835][164]LogBlueprintUserMessages: Late EndPlayMap Detection: Level '/Game/RollingBP/Maps/RollingBPExampleMap.RollingBPExampleMap:PersistentLevel' has LevelScriptBlueprint '/Game/RollingBP/Maps/RollingBPExampleMap.RollingBPExampleMap:PersistentLevel.RollingBPExampleMap' with GeneratedClass '/Game/RollingBP/Maps/RollingBPExampleMap.RollingBPExampleMap_C' with ClassGeneratedBy '/Game/RollingBP/Maps/RollingBPExampleMap.RollingBPExampleMap:PersistentLevel.RollingBPExampleMap'
[2016.04.01-20.06.17:864][164]LogParticles: Destroying 0 GPU particle simulations for FXSystem 0x00000210AD8F7560
[2016.04.01-20.06.17:904][165]LogRenderTargetPool:Warning: r.RenderTargetPoolMin exceeded 427/400 MB (ok in editor, bad on fixed memory platform)
[2016.04.01-20.06.55:864][495]LogRenderTargetPool:Warning: r.RenderTargetPoolMin exceeded 411/400 MB (ok in editor, bad on fixed memory platform)
[2016.04.01-20.07.02:561][517]LogRenderTargetPool:Warning: r.RenderTargetPoolMin exceeded 411/400 MB (ok in editor, bad on fixed memory platform)
[2016.04.01-20.07.50:025][924]LogRenderTargetPool:Warning: r.RenderTargetPoolMin exceeded 411/400 MB (ok in editor, bad on fixed memory platform)
[2016.04.01-20.14.12:697][ 71]LogRenderTargetPool:Warning: r.RenderTargetPoolMin exceeded 411/400 MB (ok in editor, bad on fixed memory platform)
[2016.04.01-20.50.53:771][673]LogRenderTargetPool:Warning: r.RenderTargetPoolMin exceeded 411/400 MB (ok in editor, bad on fixed memory platform)
[2016.04.01-20.52.06:455][891]LogRenderTargetPool:Warning: r.RenderTargetPoolMin exceeded 411/400 MB (ok in editor, bad on fixed memory platform)
[2016.04.01-20.52.08:451][897]LogRenderTargetPool:Warning: r.RenderTargetPoolMin exceeded 411/400 MB (ok in editor, bad on fixed memory platform)
[2016.04.01-20.56.16:794][642]LogRenderTargetPool:Warning: r.RenderTargetPoolMin exceeded 411/400 MB (ok in editor, bad on fixed memory platform)
[2016.04.01-20.57.39:150][889]LogRenderTargetPool:Warning: r.RenderTargetPoolMin exceeded 411/400 MB (ok in editor, bad on fixed memory platform)
[2016.04.01-20.57.40:491][893]LogRenderTargetPool:Warning: r.RenderTargetPoolMin exceeded 411/400 MB (ok in editor, bad on fixed memory platform)
[2016.04.01-20.57.41:863][897]LogRenderTargetPool:Warning: r.RenderTargetPoolMin exceeded 411/400 MB (ok in editor, bad on fixed memory platform)
[2016.04.01-20.57.49:251][919]LogRenderTargetPool:Warning: r.RenderTargetPoolMin exceeded 411/400 MB (ok in editor, bad on fixed memory platform)
[2016.04.01-20.58.51:255][105]LogRenderTargetPool:Warning: r.RenderTargetPoolMin exceeded 411/400 MB (ok in editor, bad on fixed memory platform)
[2016.04.01-20.59.45:261][267]LogRenderTargetPool:Warning: r.RenderTargetPoolMin exceeded 411/400 MB (ok in editor, bad on fixed memory platform)
[2016.04.01-20.59.53:278][291]LogRenderTargetPool:Warning: r.RenderTargetPoolMin exceeded 411/400 MB (o